Case #1: 999999985 999999990 999999994 999999997 999999999 1000000000
Case #2: 999999999 999999999 999999999 1000000000
Case #3: Impossible
Case #4: 999999999 999999997 999999999 1000000000
Case #5: 999999999 1000000000
Case #6: 999999955 999999964 999999972 999999979 999999985 999999990 999999994 999999997 999999999 1000000000
Case #7: Impossible
Case #8: 999999999 999999999 999999996 999999997 999999999 1000000000
Case #9: Impossible
Case #10: Impossible
Case #11: Impossible
Case #12: Impossible
Case #13: Impossible
Case #14: 999999994 999999990 999999994 999999997 999999999 1000000000
Case #15: Impossible
Case #16: Impossible
Case #17: 999999999 999999999 999999999 999999999 999999999 999999999 999999999 999999999 999999999 1000000000
Case #18: Impossible
Case #19: 999999990 999999992 999999995 999999996 999999997 999999999 1000000000
Case #20: 999999997 999999999 999999999 999999997 999999999 1000000000
Case #21: 999999997 999999999 999999994 999999997 999999999 1000000000
Case #22: 999999991 999999994 999999995 999999996 999999997 999999999 1000000000
Case #23: Impossible
Case #24: 999999992 999999994 999999997 999999999 999999997 999999999 999999999 1000000000
Case #25: Impossible
Case #26: Impossible
Case #27: 999999995 999999994 999999997 999999999 1000000000
Case #28: 999999983 999999988 999999992 999999994 999999997 999999999 1000000000
Case #29: Impossible
Case #30: 999999999 999999991 999999986 999999984 999999985 999999990 999999994 999999997 999999999 1000000000
